         w _ITM_deregisterTMCloneTable
         w _ITM_registerTMCloneTable
         w __deregister_frame_info
         w __gnu_Unwind_Find_exidx
         w __register_frame_info
00000000 b .LANCHOR1
00000000 b _TLS_MODULE_BASE_
00000000 00000401 b __fixedpath
00000000 a shift
00000000 a shift
00000404 b .LANCHOR3
00000404 00000802 b __utf16path
00000c08 b .LANCHOR5
00000c08 00000802 b __utf16path_old.8107
00100000 a __start__
00100000 T _start
00100008 T __service_ptr
0010000c T __apt_appid
00100010 T __heap_size
00100014 T __linear_heap_size
00100018 T __system_arglist
0010001c T __system_runflags
00100020 t startup
00100058 t ClearMem
0010006c t ClrLoop
00100094 T _init
001000ac T initSystem
001000f0 T __ctru_exit
00100110 t .udivsi3_skip_div0_test
00100110 T __aeabi_uidiv
00100110 000001ec T __udivsi3
001002fc 00000020 T __aeabi_uidivmod
0010031c T __aeabi_idiv
0010031c 00000220 T __divsi3
00100324 t .divsi3_skip_div0_test
0010053c 00000020 T __aeabi_idivmod
0010055c 00000004 W __aeabi_idiv0
0010055c 00000004 W __aeabi_ldiv0
00100560 T __aeabi_uldivmod
0010059c 00000014 T __restore_core_regs
0010059c 00000014 T restore_core_regs
001005b0 T __gnu_Unwind_Restore_VFP
001005b8 T __gnu_Unwind_Save_VFP
001005c0 T __gnu_Unwind_Restore_VFP_D
001005c8 T __gnu_Unwind_Save_VFP_D
001005d0 T __gnu_Unwind_Restore_VFP_D_16_to_31
001005d8 T __gnu_Unwind_Save_VFP_D_16_to_31
001005e0 T __gnu_Unwind_Restore_WMMXD
00100624 T __gnu_Unwind_Save_WMMXD
00100668 T __gnu_Unwind_Restore_WMMXC
0010067c T __gnu_Unwind_Save_WMMXC
00100690 00000024 T _Unwind_RaiseException
00100690 00000024 T ___Unwind_RaiseException
001006b4 00000024 T _Unwind_Resume
001006b4 00000024 T ___Unwind_Resume
001006d8 00000024 T _Unwind_Resume_or_Rethrow
001006d8 00000024 T ___Unwind_Resume_or_Rethrow
001006fc 00000024 T _Unwind_ForcedUnwind
001006fc 00000024 T ___Unwind_ForcedUnwind
00100720 00000024 T _Unwind_Backtrace
00100720 00000024 T ___Unwind_Backtrace
00100768 00000390 T strcmp
00100af0 t deregister_tm_clones
00100b1c t register_tm_clones
00100b54 t __do_global_dtors_aux
00100b98 t frame_dummy
00100bcc 00000054 T App::getInstance()
00100c20 00000060 T App::init()
00100c80 000000bc T App::run()
00100d3c 0000005c T App::startController(Controller*)
00100d98 000000a4 T FileSystem::readTextFile(char const*)
00100e3c 00000070 t parse_hex4(unsigned char const*)
00100eac 00000078 t buffer_skip_whitespace(parse_buffer*)
00100f24 000000b4 t get_object_item(cJSON const*, char const*, int)
00100fd8 000004b8 t parse_string(cJSON*, parse_buffer*) [clone .isra.0]
00101490 0000002c t cJSON_New_Item(internal_hooks const*) [clone .isra.2]
001014bc 0000001c T cJSON_GetStringValue
001014d8 000000a0 T cJSON_Delete
00101578 00000594 t parse_value(cJSON*, parse_buffer*)
00101b0c 000001c8 T cJSON_ParseWithOpts
00101cd4 0000000c T cJSON_Parse
00101ce0 00000034 T cJSON_GetArraySize
00101d14 0000004c T cJSON_GetArrayItem
00101d60 00000008 T cJSON_GetObjectItem
00101d68 00000018 T cJSON_HasObjectItem
00101d80 00000018 T cJSON_IsTrue
00101d98 00000018 T cJSON_IsArray
00101db0 00000010 T cJSON_free
00101dc0 00000078 T main
00101e38 00000024 T Hue::Hue()
00101e38 00000024 T Hue::Hue()
00101e5c 00000008 T Hue::setUser(char*)
00101e64 00000074 T Hue::discoverByNupnp()
00101ed8 00000074 T Hue::setOnState(char*, bool)
00101f4c 000000f8 W void std::vector<Light, std::allocator<Light> >::_M_realloc_insert<Light const&>(__gnu_cxx::__normal_iterator<Light*, std::vector<Light, std::allocator<Light> > >, Light const&)
00102044 000000f0 T Hue::getLights()
00102134 000000cc T Light::fromJson(cJSON*)
00102200 00000144 T State::fromJson(cJSON*)
00102344 00000094 T HttpClient::downloadRepsponse(httpcContext*)
001023d8 000000ac T HttpClient::get(char const*)
00102484 000000e0 T HttpClient::put(char const*, char const*)
00102564 00000008 T HttpResponse::HttpResponse(int, char*)
00102564 00000008 T HttpResponse::HttpResponse(int, char*)
0010256c 00000018 T HttpResponse::~HttpResponse()
0010256c 00000018 T HttpResponse::~HttpResponse()
00102584 0000011c T LightListItem::draw(SDL_Surface*)
001026a0 00000060 T LightListItem::handleEvent(SDL_Event*)
00102700 00000048 T LightListItem::LightListItem(Light*, int, int, int, int)
00102700 00000048 T LightListItem::LightListItem(Light*, int, int, int, int)
00102748 00000008 T View::handleEvent(SDL_Event*)
00102750 00000044 T View::draw(SDL_Surface*)
00102794 00000024 T View::View(int, int, int, int)
00102794 00000024 T View::View(int, int, int, int)
001027b8 00000050 T View::isClicked(SDL_MouseButtonEvent*)
00102808 00000008 T Controller::onCreate(App*)
00102810 00000004 T Controller::onDraw(SDL_Surface*)
00102810 00000004 T Controller::onEvent(SDL_Event*)
00102814 00000004 T Controller::onRemove()
00102818 00000074 T LightListController::onEvent(SDL_Event*)
0010288c 00000074 T LightListController::onDraw(SDL_Surface*)
00102900 0000000c T LightListController::onRemove()
0010290c 00000208 W void std::vector<LightListItem, std::allocator<LightListItem> >::_M_realloc_insert<LightListItem const&>(__gnu_cxx::__normal_iterator<LightListItem*, std::vector<LightListItem, std::allocator<LightListItem> > >, LightListItem const&)
00102b14 00000124 T LightListController::onCreate(App*)
00102c38 00000010 T _gfxPrimitivesCompareInt
00102c48 00000238 t _clipLine.isra.0
00102e80 000000b4 T fastPixelColorNolock
00102f34 00000368 T _putPixelAlpha
0010329c 000000c0 T pixelColor
0010335c 0000005c T pixelColorNolock
001033b8 000005d4 T _filledRectAlpha
0010398c 000000cc T filledRectAlpha
00103a58 0000022c T hlineColor
00103c84 0000022c T vlineColor
00103eb0 00000158 T rectangleColor
00104008 00000334 T boxColor
0010433c 00000490 T lineColor
001047cc 000000a0 t polygonColor.part.3
0010486c 00000630 T circleColor
00104e9c 0000006c T polygonColor
00104f08 00000354 T filledPolygonColorMT
00105260 00000344 T _pieColor
001055a4 000002ec T roundedBoxColor
00105890 0000022c T characterColor
00105abc 000000d0 T stringColor
00105b8c 00000360 T rotateSurface90Degrees
00105eec 0000016c T SDL_Init
00106058 00000084 T SDL_Quit
001060dc 000001cc T SDL_SetError
001062a8 00000014 T SDL_ClearError
001062bc 00000058 T SDL_Error
00106314 00000020 t SDL_Parachute
00106334 00000044 T SDL_InstallParachute
00106378 0000004c T SDL_UninstallParachute
001063c4 00000034 t SDL_LockAudio_Default
001063f8 00000034 t SDL_UnlockAudio_Default
0010642c 000000ac T SDL_AudioQuit
001064d8 000000e8 T SDL_AudioInit
001065c0 000000ac T SDL_FirstAudioFormat
0010666c 00000054 T SDL_NextAudioFormat
001066c0 00000034 T SDL_CalculateAudioSpec
001066f4 0000004c T SDL_HasMMX
00106740 000000ec t SDL_GobbleEvents
0010682c 00000068 T SDL_Lock_EventThread
00106894 00000044 T SDL_Unlock_EventThread
001068d8 00000078 T SDL_StopEventLoop
00106950 000001a4 T SDL_StartEventLoop
00106af4 000002a4 T SDL_PeepEvents
00106d98 000001e8 T SDL_PollEvent
00106f80 000000e8 T SDL_PushEvent
00107068 00000bb8 T SDL_KeyboardInit
00107c20 00000004 T SDL_KeyboardQuit
00107c24 0000020c T SDL_ResetKeyboard
00107e30 0000037c T SDL_PrivateKeyboard
001081ac 00000090 T SDL_CheckKeyRepeat
0010823c 00000060 T SDL_MouseInit
0010829c 00000004 T SDL_MouseQuit
001082a0 000003f4 T SDL_ResetMouse
00108694 00000038 T SDL_GetMouseState
001086cc 00000044 T SDL_GetRelativeMouseState
00108710 0000001c T SDL_SetMouseRange
0010872c 0000020c T SDL_PrivateMouseMotion
00108938 0000022c T SDL_PrivateMouseButton
00108b64 00000070 t SDL_HandleSIG
00108bd4 00000048 T SDL_QuitInit
00108c1c 00000050 T SDL_QuitQuit
00108c6c 000000a8 T SDL_GetErrBuf
00108d14 0000003c T SDL_RunThread
00108d50 00000238 T SDL_CreateThread
00108f88 0000010c T SDL_WaitThread
00109094 00000044 T SDL_SetTimerThreaded
001090d8 00000110 T SDL_TimerQuit
001091e8 00000074 T SDL_TimerInit
0010925c 00000134 T SDL_ThreadedTimerCheck
00109390 00000a5c T SDL_DrawCursorNoLock
00109dec 00000180 T SDL_DrawCursor
00109f6c 00000358 T SDL_EraseCursor
0010a2c4 000001bc T SDL_SetCursor
0010a480 000000a0 T SDL_FreeCursor
0010a520 00000180 T SDL_CursorInit
0010a6a0 00000154 T SDL_CursorQuit
0010a7f4 000000bc T SDL_MoveCursor
0010a8b0 000001c0 T SDL_ShowCursor
0010aa70 00000034 T SDL_ResetCursor
0010aaa4 0000012c t Map1to1
0010abd0 000000a4 t MapNto1.isra.2
0010ac74 000005a8 T SDL_AllocFormat
0010b21c 000000d0 T SDL_ReallocFormat
0010b2ec 0000005c T SDL_FormatChanged
0010b348 00000040 T SDL_FreeFormat
0010b388 00000060 T SDL_DitherColors
0010b3e8 00000054 T SDL_CalculatePitch
0010b43c 000000bc T SDL_MapRGB
0010b4f8 000000d0 T SDL_MapRGBA
0010b5c8 0000008c T SDL_AllocBlitMap
0010b654 00000034 T SDL_InvalidateMap
0010b688 0000032c T SDL_MapSurface
0010b9b4 0000004c T SDL_FreeBlitMap
0010ba00 0000018c T SDL_SetAlpha
0010bb8c 000000ac T SDL_SetClipRect
0010bc38 00000120 T SDL_LowerBlit
0010bd58 000001c8 T SDL_UpperBlit
0010bf20 00000554 T SDL_FillRect
0010c474 0000009c T SDL_LockSurface
0010c510 00000064 T SDL_UnlockSurface
0010c574 0000014c T SDL_FreeSurface
0010c6c0 0000024c T SDL_CreateRGBSurface
0010c90c 00000164 T SDL_VideoModeOK
0010ca70 000002e0 T SDL_Flip
0010cd50 00000160 T SDL_VideoQuit
0010ceb0 0000020c T SDL_VideoInit
0010d0bc 000000f0 T SDL_WM_GrabInput
0010d1ac 00000840 T SDL_SetVideoMode
0010d9ec 000000e8 t SDL_JoystickClose.part.1
0010dad4 00000068 T SDL_JoystickInit
0010db3c 000000a4 T SDL_JoystickQuit
0010dbe0 0000009c T SDL_PrivateJoystickAxis
0010dc7c 000000ac T SDL_PrivateJoystickButton
0010dd28 0000003c T SDL_JoystickUpdate
0010dd64 00000010 T SDL_StartTicks
0010dd74 00000058 T SDL_GetTicks
0010ddcc 00000010 T SDL_Delay
0010dddc 00000008 T SDL_SYS_TimerInit
0010dde4 00000004 T SDL_SYS_TimerQuit
0010dde8 00000004 T SDL_SYS_StopTimer
0010ddec 00000008 t N3DSAUD_Available
0010ddf4 0000000c t N3DSAUD_GetAudioBuf
0010de00 000000a8 t N3DSAUD_CreateDevice
0010dea8 00000040 t N3DSAUD_CloseAudio
0010dee8 00000048 t N3DSAUD_DeleteDevice
0010df30 00000258 t N3DSAUD_OpenAudio
0010e188 000000a4 t N3DSAUD_PlayAudio
0010e22c 00000088 t N3DSAUD_WaitAudio
0010e2b4 00000018 T SDL_SYS_JoystickInit
0010e2cc 000002cc T SDL_SYS_JoystickUpdate
0010e598 00000004 T SDL_SYS_JoystickClose
0010e59c 00000004 T SDL_SYS_JoystickQuit
0010e5a0 0000005c T SDL_CreateMutex
0010e5fc 00000028 T SDL_DestroyMutex
0010e624 00000060 T SDL_mutexP
0010e684 00000078 T SDL_mutexV
0010e6fc 00000038 T SDL_CreateSemaphore
0010e734 00000034 T SDL_DestroySemaphore
0010e768 0000003c T SDL_SemWait
0010e7a4 0000005c T SDL_SemPost
0010e800 00000004 T ThreadEntry
0010e804 000000ac T SDL_SYS_CreateThread
0010e8b0 00000004 T SDL_SYS_SetupThread
0010e8b4 00000028 T SDL_ThreadID
0010e8dc 00000010 T SDL_SYS_WaitThread
0010e8ec 00000058 t task_apt_hook
0010e944 0000003c T task_init
0010e980 0000000c T task_exit
0010e98c 00000230 T N3DS_PumpEvents
0010ebbc 000000cc T N3DS_InitOSKeymap
0010ec88 00000008 t N3DS_Available
0010ec90 00000008 t N3DS_ListModes
0010ec98 00000008 t N3DS_AllocHWSurface
0010eca0 00000008 t N3DS_LockHWSurface
0010eca8 00000004 t N3DS_UnlockHWSurface
0010ecac 00000058 t N3DS_SetColors
0010ed04 00000024 t N3DS_DeleteDevice
0010ed28 00000150 t N3DS_CreateDevice
0010ee78 00000054 t N3DS_VideoInit
0010eecc 00000194 t N3DS_FlipHWSurface.part.5
0010eecc 00000194 t N3DS_UpdateRects.part.6
0010f060 00000040 t N3DS_FlipHWSurface
0010f0a0 0000002c t N3DS_UpdateRects
0010f0cc 00000004 t N3DS_FreeHWSurface
0010f0d0 000000f4 t N3DS_VideoQuit
0010f1c4 000000e8 T N3DS_ToggleFullScreen
0010f2ac 00000968 t N3DS_SetVideoMode
0010fc14 00000120 T drawTexture
0010fd38 00000328 t videoThread
00110060 00000018 T SDL_AppActiveInit
00110078 00000004 T SDL_AppActiveQuit
0011007c 000000e0 T SDL_PrivateResize
0011015c 0000002c T SDL_revcpy
00110188 0000004c T SDL_memcmp
001101d4 0000010c t copy_opaque_16
001102e0 000000d0 t uncopy_opaque_16
001103b0 000000c4 t copy_transl_565
00110474 000000c4 t copy_transl_555
00110538 000000c8 t uncopy_transl_16
00110600 000000a8 t copy_32
001106a8 000000bc t uncopy_32
00110764 00000008 t getpix_8
0011076c 00000008 t getpix_16
00110774 00000018 t getpix_24
0011078c 00000008 t getpix_32
00110794 0000253c T SDL_RLEBlit
00112cd0 00000974 T SDL_RLEAlphaBlit
00113644 00000298 T SDL_UnRLESurface
001138dc 00000d60 T SDL_RLESurface
0011463c 000001b4 t SDL_SoftBlit
001147f0 000000a4 t SDL_BlitCopyOverlap
00114894 0000005c t SDL_BlitCopy
001148f0 0000035c T SDL_CalculateBlit
00114c4c 00000114 t BlitBto1
00114d60 000000ac t BlitBto2
00114e0c 000000bc t BlitBto3
00114ec8 000000b0 t BlitBto4
00114f78 00000134 t BlitBto1Key
001150ac 000000c4 t BlitBto2Key
00115170 000000b8 t BlitBto4Key
00115228 0000028c t BlitBtoNAlpha
001154b4 000002a8 t BlitBtoNAlphaKey
0011575c 000000b4 t BlitBto3Key
00115810 000000b4 T SDL_CalculateBlit0
001158c4 00000100 t Blit1to1
001159c4 00000134 t Blit1to2
00115af8 000001b4 t Blit1to3
00115cac 0000018c t Blit1to4
00115e38 0000027c t Blit1to1Key
001160b4 00000188 t Blit1to2Key
0011623c 0000023c t Blit1to3Key
00116478 00000170 t Blit1to4Key
001165e8 00000840 t Blit1toNAlpha
00116e28 00000d2c t Blit1toNAlphaKey
00117b54 000000a0 T SDL_CalculateBlit1
00117bf4 00000474 t Blit_RGB888_index8
00118068 000001d0 t Blit_RGB888_RGB555
00118238 000001b8 t Blit_RGB888_RGB565
001183f0 000001d4 t Blit_RGB565_RGBA8888
001185c4 0000026c t Blit_RGB888_index8_map
00118830 00000b18 t BlitNto1
00119348 000001fc t Blit4to4MaskAlpha
00119544 0000100c t BlitNtoN
0011a550 0000022c t BlitNtoNCopyAlpha
0011a77c 000013c8 t BlitNto1Key
0011bb44 0000017c t Blit2to2Key
0011bcc0 00000cd8 t BlitNtoNKey
0011c998 00001430 t BlitNtoNKeyCopyAlpha
0011ddc8 000001d4 t Blit_RGB565_BGRA8888
0011df9c 000001d4 t Blit_RGB565_ARGB8888
0011e170 000001d4 t Blit_RGB565_ABGR8888
0011e344 000002ac T SDL_CalculateBlitN
0011e5f0 00000534 t BlitNto1SurfaceAlpha
0011eb24 00000590 t BlitNto1PixelAlpha
0011f0b4 00000df4 t BlitNto1SurfaceAlphaKey
0011fea8 000003d8 t BlitRGBtoRGBSurfaceAlpha
00120280 00000294 t BlitRGBtoRGBPixelAlpha
00120514 00000438 t Blit555to555SurfaceAlpha
0012094c 000002a8 t BlitARGBto565PixelAlpha
00120bf4 000002a4 t BlitARGBto555PixelAlpha
00120e98 00000d60 t BlitNtoNSurfaceAlpha
00121bf8 00000a74 t BlitNtoNSurfaceAlphaKey
0012266c 00000dbc t BlitNtoNPixelAlpha
00123428 00000438 t Blit565to565SurfaceAlpha
00123860 00000224 T SDL_CalculateAlphaBlit
00123a84 000000c4 t C3Di_SplitFrame.part.1
00123b48 00000004 W C3Di_LightEnvUpdate
00123b4c 00000004 W C3Di_LightEnvDirty
00123b50 00000004 W C3Di_ProcTexUpdate
00123b54 00000004 W C3Di_ProcTexDirty
00123b58 0000008c t C3Di_AptEventHook
00123be4 0000020c T C3D_Init
00123df0 00000098 T C3D_SetViewport
00123e88 00000490 T C3Di_UpdateContext
00124318 00000020 T C3Di_SplitFrame
00124338 00000064 T C3D_Fini
0012439c 00000110 T C3D_BindProgram
001244ac 00000054 t C3Di_RenderQueueInit
00124500 00000080 t C3Di_RenderTargetDestroy
00124580 000000cc t onVBlank1
0012464c 000001b4 t onVBlank0
00124800 0000000c t C3Di_RenderTargetNew
0012480c 0000008c t C3Di_WaitAndClearQueue
00124898 000000bc t onQueueFinish
00124954 0000003c t C3D_FrameSplit.part.5
00124990 00000030 T C3D_FrameSync
001249c0 000000a0 T C3Di_RenderQueueExit
00124a60 00000020 T C3Di_RenderQueueWaitDone
00124a80 0000007c T C3D_FrameBegin
00124afc 00000048 T C3D_FrameDrawOn
00124b44 00000180 T C3D_FrameEnd
00124cc4 0000016c T C3D_RenderTargetCreate
00124e30 0000003c T C3D_RenderTargetDelete
00124e6c 00000038 T C3D_RenderTargetSetClear
00124ea4 0000004c T C3D_RenderTargetSetOutput
00124ef0 00000064 T C3D_SafeDisplayTransfer
00124f54 0000026c T C3D_TexInitWithParams
001251c0 00000048 T C3D_TexBind
00125208 00000174 T C3Di_SetTex
0012537c 0000001c T C3D_CalcColorBufSize
00125398 0000001c T C3D_CalcDepthBufSize
001253b4 00000044 T C3D_SetFrameBuf
001253f8 00000168 T C3Di_FrameBufBind
00125560 000000c8 T C3D_FrameBufClear
00125628 0000004c T C3D_FrameBufTransfer
00125674 00000024 T TexEnv_Init
00125698 00000034 T C3D_GetTexEnv
001256cc 00000024 T C3Di_TexEnvBind
001256f0 00000024 T BufInfo_Init
00125714 00000024 T C3D_GetBufInfo
00125738 00000048 T C3Di_BufInfoBind
00125780 00000040 T C3D_DepthMap
001257c0 0000001c T C3D_CullFace
001257dc 00000040 T C3D_StencilTest
0012581c 00000024 T C3D_StencilOp
00125840 0000001c T C3D_BlendingColor
0012585c 00000024 T C3D_EarlyDepthTest
00125880 0000002c T C3D_DepthTest
001258ac 0000002c T C3D_AlphaTest
001258d8 00000050 T C3D_AlphaBlend
00125928 00000030 T C3D_FragOpMode
00125958 00000044 T C3D_FragOpShadow
0012599c 00000174 T C3Di_EffectBind
00125b10 00000028 T AttrInfo_Init
00125b38 0000008c T AttrInfo_AddLoader
00125bc4 00000024 T C3D_GetAttrInfo
00125be8 00000080 T C3Di_AttrInfoBind
00125c68 000000b8 T C3D_ImmDrawBegin
00125d20 000000b4 T C3D_ImmSendAttrib
00125dd4 00000074 T C3D_ImmDrawEnd
00125e48 00000288 T C3D_UpdateUniforms
001260d0 000000c0 T C3Di_DirtyUniforms
00126190 000000e4 T C3Di_LoadShaderUniforms
00126274 00000028 T C3Di_ClearShaderUniforms
0012629c 000000cc T Mtx_OrthoTilt
00126368 00000024 t addrMapNodeComparator(rbtree_node const*, rbtree_node const*)
0012638c 00000004 t addrMapNodeDestructor(rbtree_node*)
00126390 00000110 T vramMemAlign
001264a0 00000008 T vramAlloc
001264a8 00000050 T vramFree
001264f8 00000024 t addrMapNodeComparator(rbtree_node const*, rbtree_node const*)
0012651c 00000004 t addrMapNodeDestructor(rbtree_node*)
00126520 0000011c T linearMemAlign
0012663c 00000008 T linearAlloc
00126644 00000050 T linearFree
00126694 00000098 T MemPool::CoalesceRight(MemBlock*)
0012672c 0000016c T MemPool::Allocate(MemChunk&, unsigned long, int)
00126898 000000fc T MemPool::Deallocate(MemChunk const&)
00126994 00000058 t getSysTime
001269ec 00000028 t __ctru_speedup_config.part.0
00126a14 0000004c T osConvertVirtToPhys
00126a60 00000024 T osGetMemRegionUsed
00126a88 00000128 T __libctru_gtod
00126bb0 00000018 T __ctru_speedup_config
00126bc8 000001c0 T consoleDrawChar
00126d88 00000128 T consolePrintChar
00126eb0 00000184 t consoleCls
00127034 00000104 T consoleInit
00127138 00000138 t consoleClearLine
00127270 000000c0 t newRow
00127330 00000810 T con_write
00127b40 0000008c t gfxSetFramebufferInfo.part.0
00127bcc 00000010 T gfxSet3D
00127bdc 00000010 T gfxIs3D
00127bec 00000018 T __get_bytes_per_pixel
00127c04 00000184 T gfxSetScreenFormat
00127d88 00000010 T gfxSetDoubleBuffering
00127d98 0000006c T gfxSetFramebufferInfo
00127e04 000000b0 T gfxWriteFramebufferInfo
00127eb4 00000210 T gfxInit
001280c4 00000010 T gfxInitDefault
001280d4 000000e0 T gfxExit
001281b4 000000a8 T gfxGetFramebuffer
0012825c 000000e8 T gfxFlushBuffers
00128344 00000060 T gfxConfigScreen
001283a4 00000020 T gfxSwapBuffersGpu
001283c4 0000001c t threadFree.part.0
001283e0 000001ac T threadCreate
0012858c 00000024 T threadGetHandle
001285b0 00000024 T threadJoin
001285d4 00000030 T threadGetCurrent
00128604 00000064 T threadExit
00128668 00000040 t _thread_begin
001286a8 000001f0 T shaderInstanceInit
00128898 00000034 T shaderInstanceFree
001288cc 00000018 T shaderInstanceGetUniformLocation
001288e4 00000018 T shaderProgramInit
001288fc 0000002c T shaderProgramFree
00128928 0000006c T shaderProgramSetVsh
00128994 000008c4 T shaderProgramConfigure
00129258 000001f8 t DVLE_GenerateOutmap.part.0
00129450 000001c8 T DVLB_ParseFile
00129618 00000038 T DVLB_Free
00129650 00000078 T DVLE_GetUniformRegister
001296c8 00000038 t submitGxCommand
00129700 00000010 T GX_BindQueue
00129710 00000050 T GX_ProcessCommandList
00129760 00000054 T GX_MemoryFill
001297b4 00000048 T GX_DisplayTransfer
001297fc 00000074 t gxCmdQueueDoCommands.part.0
00129870 000000c8 T gxCmdQueueInterrupt
00129938 00000050 T gxCmdQueueClear
00129988 000000f8 T gxCmdQueueAdd
00129a80 00000080 T gxCmdQueueRun
00129b00 00000060 T gxCmdQueueStop
00129b60 00000084 T gxCmdQueueWait
00129be4 00000130 T GPUCMD_Add
00129d14 000000b4 T GPUCMD_Split
00129dc8 00000034 T f32tof16
00129dfc 00000034 T f32tof24
00129e30 00000038 T f32tof31
00129e68 00000150 t ndspUpdateMaster
00129fb8 000000f0 t ndspFinalize
0012a0a8 0000027c t ndspInitialize
0012a324 00000078 t ndspAptHook
0012a39c 00000168 t ndspSync
0012a504 000000f8 t ndspThreadMain
0012a5fc 00000384 T ndspInit
0012a980 000000fc T ndspExit
0012aa7c 00000034 T ndspSetOutputMode
0012aab0 0000009c T ndspChnReset
0012ab4c 00000018 T ndspChnSetFormat
0012ab64 00000048 T ndspChnSetInterp
0012abac 0000005c T ndspChnSetRate
0012ac08 00000088 T ndspChnSetMix
0012ac90 00000064 T ndspChnWaveBufClear
0012acf4 000000b8 T ndspChnWaveBufAdd
0012adac 00000034 T ndspiInitChn
0012ade0 00000028 T ndspiDirtyChn
0012ae08 00000498 T ndspiUpdateChn
0012b2a0 00000190 T ndspiReadChnState
0012b430 000000a4 T cfguInit
0012b4d4 0000003c T cfguExit
0012b510 00000044 T CFGU_GetConfigInfoBlk2
0012b554 0000003c T dspExit
0012b590 0000004c T DSP_FlushDataCache
0012b5dc 00000034 T DSP_SetSemaphore
0012b610 00000034 T DSP_SetSemaphoreMask
0012b644 00000038 T DSP_GetSemaphoreHandle
0012b67c 00000060 T DSP_LoadComponent
0012b6dc 0000002c T DSP_UnloadComponent
0012b708 00000088 T dspInit
0012b790 00000044 T DSP_RegisterInterruptEvents
0012b7d4 00000070 T DSP_ReadPipeIfPossible
0012b844 0000004c T DSP_WriteProcessPipe
0012b890 00000040 T DSP_ConvertProcessAddressFromDspDram
0012b8d0 00000040 T DSP_RecvData
0012b910 0000004c T DSP_RecvDataIsReady
0012b95c 00000074 T gspInit
0012b9d0 0000003c T gspExit
0012ba0c 00000034 T gspSetEventCallback
0012ba40 000000a0 T gspInitEventHandler
0012bae0 00000040 T gspExitEventHandler
0012bb20 00000044 T gspWaitForEvent
0012bb64 00000064 T gspWaitForAnyEvent
0012bbc8 00000174 t gspEventThreadMain
0012bd3c 00000124 T gspSubmitGxCommand
0012be60 0000006c T GSPGPU_SetBufferSwap
0012becc 0000004c T GSPGPU_FlushDataCache
0012bf18 00000034 T GSPGPU_SetLcdForceBlack
0012bf4c 00000064 T GSPGPU_RegisterInterruptRelayQueue
0012bfb0 0000002c T GSPGPU_UnregisterInterruptRelayQueue
0012bfdc 00000048 T GSPGPU_AcquireRight
0012c024 0000002c T GSPGPU_ReleaseRight
0012c050 00000080 T GSPGPU_ImportDisplayCaptureInfo
0012c0d0 0000002c T GSPGPU_SaveVramSysArea
0012c0fc 0000002c T GSPGPU_RestoreVramSysArea
0012c128 00000004 W _aptDebug
0012c12c 0000015c T aptSendCommand
0012c288 0000003c t aptExitProcess
0012c2c4 00000034 T aptHook
0012c2f8 0000002c T aptUnhook
0012c324 0000004c T APT_InquireNotification
0012c370 0000019c t aptEventHandler
0012c50c 00000074 T APT_AppletUtility
0012c580 000000b0 T aptSetSleepAllowed
0012c630 000000b0 T APT_GlanceParameter
0012c6e0 000000c4 T APT_ReceiveParameter
0012c7a4 000000bc t aptReceiveParameter.constprop.1
0012c860 000001e8 t aptScreenTransfer
0012ca48 00000210 t aptWaitForWakeUp
0012cc58 00000070 T APT_CancelParameter
0012ccc8 00000270 T aptInit
0012cf38 00000088 t aptClearParamQueue
0012cfc0 000001e4 t aptMainLoop.part.0
0012d1a4 0000001c T aptMainLoop
0012d1c0 0000024c T aptExit
0012d40c 0000007c T APT_CheckNew3DS
0012d488 000000d0 T hidExit
0012d558 0000026c T hidScanInput
0012d7c4 00000010 T hidKeysHeld
0012d7d4 00000010 T hidKeysDown
0012d7e4 00000010 T hidKeysUp
0012d7f4 00000018 T hidTouchRead
0012d80c 00000018 T hidCircleRead
0012d824 00000090 T HIDUSER_GetHandles
0012d8b4 000001a8 T hidInit
0012da5c 00000074 T ptmSysmInit
0012dad0 0000003c T ptmSysmExit
0012db0c 00000034 T PTMSYSM_ConfigureNew3DSCPU
0012db40 0000019c T httpcInit
0012dcdc 00000138 T httpcOpenContext
0012de14 00000044 T httpcCloseContext
0012de58 00000080 T httpcAddRequestHeaderField
0012ded8 00000044 T httpcAddPostDataRaw
0012df1c 00000030 T httpcBeginRequest
0012df4c 00000044 T httpcReceiveData
0012df90 00000100 T httpcDownloadData
0012e090 00000054 T httpcGetDownloadSizeState
0012e0e4 0000003c T httpcGetResponseStatusCode
0012e120 00000034 T httpcSetSSLOpt
0012e154 00000028 t fsSessionForArchive.part.0
0012e17c 000000d0 T fsInit
0012e24c 0000003c T fsExit
0012e288 00000074 T fsExemptFromSession
0012e2fc 00000050 T fsUnexemptFromSession
0012e34c 000000c0 T FSUSER_OpenFile
0012e40c 000000d4 T FSUSER_OpenFileDirectly
0012e4e0 000000a8 T FSUSER_DeleteFile
0012e588 000000e0 T FSUSER_RenameFile
0012e668 000000a8 T FSUSER_DeleteDirectory
0012e710 000000c0 T FSUSER_CreateFile
0012e7d0 000000b0 T FSUSER_CreateDirectory
0012e880 000000e0 T FSUSER_RenameDirectory
0012e960 000000a4 T FSUSER_OpenDirectory
0012ea04 00000098 T FSUSER_OpenArchive
0012ea9c 00000074 T FSUSER_CloseArchive
0012eb10 00000078 T FSUSER_GetSdmcArchiveResource
0012eb88 00000064 T FSUSER_IsSdmcWritable
0012ebec 00000058 T FSFILE_Read
0012ec44 00000064 T FSFILE_Write
0012eca8 00000038 T FSFILE_GetSize
0012ece0 00000028 T FSFILE_SetSize
0012ed08 0000003c T FSFILE_Close
0012ed44 00000024 T FSFILE_Flush
0012ed68 00000054 T FSDIR_Read
0012edbc 0000003c T FSDIR_Close
0012edf8 00000014 T rbtree_init
0012ee0c 0000018c t do_insert
0012ef98 00000008 T rbtree_insert
0012efa0 00000094 T rbtree_rotate
0012f034 0000032c T rbtree_remove
0012f360 0000006c T rbtree_find
0012f3cc 00000038 W __libctru_init
0012f404 00000030 t __ctru_get_reent
0012f434 000000e4 T __system_initSyscalls
0012f518 00000104 W __system_allocateHeaps
0012f61c 000000ec T __system_initArgv
0012f708 T svcControlMemory
0012f728 T svcExitProcess
0012f730 T svcCreateThread
0012f750 T svcExitThread
0012f758 T svcSleepThread
0012f760 T svcGetThreadPriority
0012f774 T svcReleaseMutex
0012f77c T svcCreateSemaphore
0012f790 T svcReleaseSemaphore
0012f7a4 T svcCreateEvent
0012f7b8 T svcSignalEvent
0012f7c0 T svcClearEvent
0012f7c8 T svcCreateMemoryBlock
0012f7e0 T svcMapMemoryBlock
0012f7e8 T svcUnmapMemoryBlock
0012f7f0 T svcCreateAddressArbiter
0012f804 T svcArbitrateAddress
0012f81c T svcCloseHandle
0012f824 T svcWaitSynchronization
0012f82c T svcWaitSynchronizationN
0012f854 T svcDuplicateHandle
0012f868 T svcGetSystemTick
0012f870 T svcGetSystemInfo
0012f888 T svcConnectToPort
0012f89c T svcSendSyncRequest
0012f8a4 T svcGetThreadId
0012f8b8 T svcBreak
0012f8c0 00000024 t addrMapNodeComparator(rbtree_node const*, rbtree_node const*)
0012f8e4 00000004 t addrMapNodeDestructor(rbtree_node*)
0012f8e8 000000e4 T mappableAlloc
0012f9cc 00000050 T mappableFree
0012fa1c 00000034 t LightLock_Unlock.part.1
0012fa50 0000000c T __sync_init
0012fa5c 00000018 T __sync_fini
0012fa74 00000010 T __sync_get_arbiter
0012fa84 00000018 T LightLock_Init
0012fa9c 0000009c T LightLock_Lock
0012fb38 00000034 T LightLock_TryLock
0012fb6c 00000020 T LightLock_Unlock
0012fb8c 00000024 T RecursiveLock_Init
0012fbb0 00000030 T RecursiveLock_Lock
0012fbe0 00000058 T RecursiveLock_TryLock
0012fc38 00000038 T RecursiveLock_Unlock
0012fc70 00000038 T LightEvent_Init
0012fca8 0000007c T LightEvent_Clear
0012fd24 000000dc T LightEvent_Signal
0012fe00 000000bc T LightEvent_Wait
0012febc 00000084 T envGetHandle
0012ff40 0000004c T envDestroyHandles
0012ff8c 00000058 T srvExit
0012ffe4 00000038 T srvRegisterClient
0013001c 000000c4 T srvInit
001300e0 0000006c T srvGetServiceHandleDirect
0013014c 00000038 T srvGetServiceHandle
00130184 000000ac T irrstScanInput
00130230 00000024 T irrstKeysHeld
00130254 00000050 T IRRST_GetHandles
001302a4 00000158 T irrstInit
001303fc 0000002c T IRRST_Shutdown
00130428 000000ac T irrstExit
001304d4 0000000c T srvPmGetSessionHandle
001304e0 00000074 T rbtree_node_next
00130554 0000001c W __appInit
00130570 0000001c W __appExit
0013058c 000000a4 W __libctru_exit
00130630 00000010 t sdmc_link
00130640 00000010 t sdmc_dirreset
00130650 00000010 t sdmc_chmod
00130660 00000024 t error_cmp
00130684 00000050 t sdmc_translate_error
001306d4 00000034 t sdmc_fsync
00130708 00000054 t sdmc_ftruncate
0013075c 000000b8 t sdmc_statvfs
00130814 00000038 t sdmc_dirclose
0013084c 00000138 t sdmc_dirnext
00130984 00000034 t sdmc_close
001309b8 00000074 t sdmc_fstat
00130a2c 000000d0 t sdmc_seek
00130afc 00000084 t sdmc_read
00130b80 000000c0 t sdmc_write
00130c40 000001a8 t sdmc_utf16path
00130de8 00000074 t sdmc_rmdir
00130e5c 000000a0 t sdmc_diropen
00130efc 000000a0 t sdmc_chdir
00130f9c 00000098 t sdmc_mkdir
00131034 00000108 t sdmc_rename
0013113c 00000074 t sdmc_unlink
001311b0 00000108 t sdmc_stat
001312b8 00000198 t sdmc_open
00131450 00000010 t sdmc_fchmod
00131460 00000168 T sdmcInit
001315c8 00000060 T sdmcExit
00131628 000000e8 T utf16_to_utf8
00131710 00000060 T decode_utf16
00131770 00000138 T decode_utf8
001318a8 000000c0 T utf8_to_utf16
00131968 T __aeabi_read_tp
00131974 00000068 T encode_utf16
001319dc 00000104 T encode_utf8
00131ae0 00000004 T operator delete(void*)
00131ae4 0000005c T operator new(unsigned int)
00131b40 0000000c T std::bad_alloc::what() const
00131b4c 00000020 T std::bad_alloc::~bad_alloc()
00131b4c 00000020 T std::bad_alloc::~bad_alloc()
00131b6c 0000002c T std::bad_alloc::~bad_alloc()
00131b98 00000004 T operator delete(void*, unsigned int)
00131b9c 000000d0 t (anonymous namespace)::pool::free(void*) [clone .constprop.4]
00131c6c 000000b4 t (anonymous namespace)::pool::allocate(unsigned int) [clone .constprop.5]
00131d20 00000044 T __cxa_allocate_exception
00131d64 00000030 T __cxa_free_exception
00131d94 00000040 t _GLOBAL__sub_I__ZN9__gnu_cxx9__freeresEv
00131dd4 00000004 T std::exception::~exception()
00131dd4 00000004 T std::exception::~exception()
00131dd8 00000004 T std::bad_exception::~bad_exception()
00131dd8 00000004 T std::bad_exception::~bad_exception()
00131ddc 0000000c T transaction clone for std::bad_exception::what() const
00131ddc 0000000c T std::bad_exception::what() const
00131de8 00000018 T std::bad_exception::~bad_exception()
00131e00 00000034 T __cxxabiv1::__terminate(void (*)())
00131e34 00000018 T std::terminate()
00131e4c 0000000c T __cxxabiv1::__unexpected(void (*)())
00131e58 00000018 T std::unexpected()
00131e70 00000014 T std::get_terminate()
00131e84 00000014 T std::get_unexpected()
00131e98 00000060 t __gxx_exception_cleanup(_Unwind_Reason_Code, _Unwind_Control_Block*)
00131ef8 00000070 T __cxa_init_primary_exception
00131f68 00000054 T __cxa_throw
00131fbc 000000b0 T __cxa_rethrow
0013206c 00000014 T std::get_new_handler()
00132080 00000020 T __cxxabiv1::__si_class_type_info::~__si_class_type_info()
00132080 00000020 T __cxxabiv1::__si_class_type_info::~__si_class_type_info()
001320a0 0000002c T __cxxabiv1::__si_class_type_info::~__si_class_type_info()
001320cc 0000006c T __cxxabiv1::__si_class_type_info::__do_find_public_src(int, void const*, __cxxabiv1::__class_type_info const*, void const*) const
00132138 000000d4 T __cxxabiv1::__si_class_type_info::__do_dyncast(int, __cxxabiv1::__class_type_info::__sub_kind, __cxxabiv1::__class_type_info const*, void const*, __cxxabiv1::__class_type_info const*, void const*, __cxxabiv1::__class_type_info::__dyncast_result&) const
0013220c 00000044 T __cxxabiv1::__si_class_type_info::__do_upcast(__cxxabiv1::__class_type_info const*, void const*, __cxxabiv1::__class_type_info::__upcast_result&) const
00132250 00000004 T std::type_info::~type_info()
00132250 00000004 T std::type_info::~type_info()
00132254 00000008 T std::type_info::__is_pointer_p() const
00132254 00000008 T std::type_info::__is_function_p() const
0013225c 0000004c T std::type_info::operator==(std::type_info const&) const
001322a8 0000005c T __cxxabiv1::__class_type_info::__do_upcast(__cxxabiv1::__class_type_info const*, void**) const
00132304 00000014 T __cxxabiv1::__class_type_info::__do_find_public_src(int, void const*, __cxxabiv1::__class_type_info const*, void const*) const
00132318 00000020 T __cxxabiv1::__class_type_info::~__class_type_info()
00132318 00000020 T __cxxabiv1::__class_type_info::~__class_type_info()
00132338 0000002c T __cxxabiv1::__class_type_info::~__class_type_info()
00132364 00000068 T __cxxabiv1::__class_type_info::__do_dyncast(int, __cxxabiv1::__class_type_info::__sub_kind, __cxxabiv1::__class_type_info const*, void const*, __cxxabiv1::__class_type_info const*, void const*, __cxxabiv1::__class_type_info::__dyncast_result&) const
001323cc 0000002c T __cxxabiv1::__class_type_info::__do_upcast(__cxxabiv1::__class_type_info const*, void const*, __cxxabiv1::__class_type_info::__upcast_result&) const
001323f8 00000044 T __cxxabiv1::__class_type_info::__do_catch(std::type_info const*, void**, unsigned int) const
0013243c T __cxa_end_cleanup
0013244c 00000138 T __cxa_type_match
00132584 000000b4 T __cxa_begin_cleanup
00132638 000000b4 T __gnu_end_cleanup
001326ec 00000070 t __cxxabiv1::__is_gxx_exception_class(char*)
0013275c 0000002c T __cxa_call_terminate
00132788 0000013c T __cxa_call_unexpected
001328c4 000000d0 T __cxa_begin_catch
00132994 000000d8 T __cxa_end_catch
00132a6c 0000000c T __cxa_get_globals_fast
00132a78 0000000c T __cxa_get_globals
00132a84 00000168 t read_encoded_value_with_base(unsigned char, unsigned int, unsigned char const*, unsigned int*)
00132bec 00000060 t base_of_encoded_value(unsigned char, _Unwind_Context*) [clone .part.3]
00132c4c 000000e0 t parse_lsda_header(_Unwind_Context*, unsigned char const*, lsda_header_info*)
00132d2c 0000074c T __gxx_personality_v0
00133478 000000c8 T cos
00133540 00000014 T fabs
00133558 00000174 T floor
001336d0 000000d0 T sin
001337a0 00000318 T __ieee754_rem_pio2
00133ab8 00000158 T __kernel_cos
00133c10 00000894 T __kernel_rem_pio2
001344a8 000000b8 T __kernel_sin
00134560 00000170 T scalbn
001346d0 0000001c T copysign
001346ec 00000158 T __udivmoddi4
00134844 00000018 t selfrel_offset31
0013485c 0000008c t search_EIT_table
001348e8 00000040 t __gnu_unwind_get_pr_addr
00134928 00000118 t get_eit_entry
00134a40 00000088 t restore_non_core_regs
00134ac8 00000014 t _Unwind_decode_typeinfo_ptr.isra.0
00134adc 00000004 t _Unwind_DebugHook
00134ae0 00000068 t unwind_phase2
00134b48 00000134 t unwind_phase2_forced
00134c7c 000000a8 T __gnu_Unwind_RaiseException
00134d24 00000024 T __gnu_Unwind_ForcedUnwind
00134d48 00000074 T __gnu_Unwind_Resume
00134dbc 00000020 T __gnu_Unwind_Resume_or_Rethrow
00134ddc 00000004 T _Unwind_Complete
00134de0 00000018 T _Unwind_DeleteException
00134df8 00000068 T _Unwind_VRS_Get
00134e60 0000002c t _Unwind_GetGR
00134e8c 00000068 T _Unwind_VRS_Set
00134ef4 0000002c t _Unwind_SetGR
00134f20 000000c0 T __gnu_Unwind_Backtrace
00134fe0 0000044c t __gnu_unwind_pr_common
0013542c 00000008 T __aeabi_unwind_cpp_pr0
00135434 00000008 W __aeabi_unwind_cpp_pr1
0013543c 00000008 W __aeabi_unwind_cpp_pr2
00135444 00000418 T _Unwind_VRS_Pop
0013585c 00000060 t next_unwind_byte
001358bc 0000002c t _Unwind_GetGR.constprop.0
001358e8 00000004 t unwind_UCB_from_context
001358ec 000003c8 T __gnu_unwind_execute
00135cb4 00000048 T __gnu_unwind_frame
00135cfc 00000010 T _Unwind_GetRegionStart
00135d0c 0000001c T _Unwind_GetLanguageSpecificData
00135d28 00000008 T _Unwind_GetDataRelBase
00135d30 00000008 T _Unwind_GetTextRelBase
00135d38 00000014 T abort
00135d4c 0000000c T atoi
00135d58 00000074 T bsearch
00135dcc 00000020 T calloc
00135dec 00000090 T _calloc_r
00135e7c 0000000c T __errno
00135e88 00000164 T _fclose_r
00135fec 00000018 T fclose
00136004 0000026c T __sflush_r
00136270 00000094 T _fflush_r
00136304 00000038 T fflush
0013633c 0000000c T _cleanup_r
00136348 00000078 t std.isra.0
001363c0 00000048 T __sfmoreglue
00136408 0000008c T __sinit
00136494 00000110 T __sfp
001365a4 0000000c T __sfp_lock_acquire
001365b0 0000000c T __sfp_lock_release
001365bc 00000040 T __libc_fini_array
001365fc 00000140 T _fopen_r
0013673c 00000020 T fopen
0013675c 000002e4 T _fread_r
00136a40 00000038 T fread
00136a78 000000f8 T _malloc_trim_r
00136b70 000002e4 T _free_r
00136e54 00000004 T _fseek_r
00136e58 00000030 T fseek
00136e88 000005d0 T _fseeko_r
00137458 00000034 T ftell
0013748c 00000198 T _ftello_r
00137624 00000070 T _fwalk
00137694 00000078 T _fwalk_reent
0013770c 00000024 T getenv
00137730 000000c8 T _findenv_r
001377f8 0000007c T __libc_init_array
00137874 00000024 T __locale_mb_cur_max
00137898 00000008 T __locale_ctype_ptr_l
001378a0 00000024 T __locale_ctype_ptr
001378c4 00000094 T __swhatbuf_r
00137958 000000f4 T __smakebuf_r
00137a4c 00000020 T memalign
00137a6c 00000158 T _memalign_r
00137bc4 00000018 T malloc
00137bdc 00000018 T free
00137bf4 000007a8 T _malloc_r
0013839c 000002fc T __utf8_mbtowc
00138698 00000100 T memchr
00138798 0000010c T memcpy
001388a4 0000013c T memmove
001389e0 00000110 T memset
00138af0 0000000c T __malloc_lock
00138afc 0000000c T __malloc_unlock
00138b08 00000038 T printf
00138b40 000000e0 T _puts_r
00138c20 00000018 T puts
00138c38 00000884 T qsort
001394bc 00000020 T realloc
001394dc 000004d0 T _realloc_r
001399ac 0000001c t lflush
001399c8 000001ac T __srefill_r
00139b74 00000264 T setvbuf
00139dd8 00000044 t _init_signal_r.part.0
00139e1c 00000058 T _signal_r
00139e74 00000098 T _raise_r
00139f0c 00000018 T raise
00139f24 00000020 T signal
00139f44 00000064 T sprintf
00139fa8 00000074 T sscanf
0013a01c 0000003c T __sread
0013a058 00000008 T __seofread
0013a060 00000064 T __swrite
0013a0c4 0000004c T __sseek
0013a110 00000008 T __sclose
0013a118 00000068 T strcasecmp
0013a180 00000180 T strchr
0013a300 00000054 T strlcpy
0013a354 0000005c T strlen
0013a3b0 00000098 T strncat
0013a448 000000f8 T strncmp
0013a540 000000d8 T strncpy
0013a618 0000005c T strnlen
0013a674 00000054 t sulp
0013a6c8 00001464 T _strtod_l
0013bb2c 0000003c T _strtod_r
0013bb68 00000040 T strtod
0013bba8 000001bc t _strtol_l.isra.0
0013bd64 00000050 T _strtol_r
0013bdb4 00000054 T strtol
0013be08 000074a0 t get_arg
001432a8 00003e24 T _svfprintf_r
001470cc 000027c8 T __ssvfscanf_r
00149894 00000020 T gettimeofday
001498b4 00000028 T tolower
001498dc 0000001c t __sprint_r.part.0
001498f8 0000001c T __sprint_r
00149914 000074a0 t get_arg
00150db8 00003fd8 T _vfprintf_r
00154d90 000000d0 t __sbprintf
00154e60 000000a0 T _wcrtomb_r
00154f00 00000020 T _wcsrtombs_r
00154f20 000000e8 T __utf8_wctomb
00155008 00000148 T __swsetup_r
00155150 000001bc t quorem
00155310 00001224 T _dtoa_r
00156534 0000000c T __env_lock
00156540 0000000c T __env_unlock
0015654c 000000b0 T __sflags
001565fc 00000498 T __sfvwrite_r
00156a94 00000104 t rshift
00156b98 000007f8 T __gethex
00157390 00000060 T __match
001573f0 00000254 T __hexnan
00157644 00000074 T iswspace
001576b8 000001e0 t __jp2uc
00157898 000000c4 T _jp2uc
0015795c 00000008 T __localeconv_l
00157964 00000024 T _localeconv_r
00157988 000000b4 T _mbrtowc_r
00157a3c 00000088 T _Balloc
00157ac4 0000001c T _Bfree
00157ae0 000000d0 T __multadd
00157bb0 000000e0 T __s2b
00157c90 00000058 T __hi0bits
00157ce8 0000009c T __lo0bits
00157d84 00000020 T __i2b
00157da4 000001d4 T __multiply
00157f78 00000100 T __pow5mult
00158078 000000e8 T __lshift
00158160 0000005c T __mcmp
001581bc 00000168 T __mdiff
00158324 00000078 T __ulp
0015839c 000000d0 T __b2d
0015846c 00000104 T __d2b
00158570 00000084 T __ratio
001585f4 00000088 T __copybits
0015867c 00000078 T __any_on
001586f8 0000009c T frexp
00158794 000000cc T __sccl
00158860 0000000c T nanf
0015886c 000000f8 T stpncpy
00158964 00000274 t _strtoll_l.isra.0
00158bd8 00000050 T _strtoll_r
00158c28 000001d0 t _strtoul_l.isra.0
00158df8 00000050 T _strtoul_r
00158e48 00000260 t _strtoull_l.isra.0
001590a8 00000050 T _strtoull_r
001590f8 00000188 T __ssprint_r
00159280 000000dc T _sungetc_r
0015935c 0000006c T __ssrefill_r
001593c8 000000c8 T _sfread_r
00159490 000000a4 T __submore
00159534 00000170 T _wcsnrtombs_l
001596a4 00000064 T _wcsnrtombs_r
00159708 00000008 t null_write
00159710 00000018 T setDefaultDevice
00159728 000000cc T FindDevice
001597f4 00000028 T RemoveDevice
0015981c 00000098 T AddDevice
001598b4 00000084 T _close_r
00159938 00000074 T _fstat_r
001599ac 00000010 T _getpid_r
001599bc 0000002c T _gettimeofday_r
001599e8 00000008 T _isatty_r
001599f0 00000010 T _kill_r
00159a00 00000084 T _lseek_r
00159a84 000000c4 T _open_r
00159b48 00000080 T _read_r
00159bc8 00000070 T _sbrk_r
00159c38 00000080 T _write_r
00159cb8 00000024 T _exit
00159cdc 000001cc T _concatenate_path
00159ea8 0000015c T chdir
0015a004 00000008 T __flockfile
0015a00c 00000008 T __funlockfile
0015a014 00000018 T __libc_lock_acquire
0015a02c 00000018 T __libc_lock_release
0015a044 00000018 T __libc_lock_init_recursive
0015a05c 00000018 T __libc_lock_acquire_recursive
0015a074 00000018 T __libc_lock_release_recursive
0015a08c 00000018 T __libc_lock_close_recursive
0015a0a4 0000008c T __release_handle
0015a130 000000b4 T __alloc_handle
0015a1e4 00000018 T __get_handle
0015a1fc 00000028 T __getreent
0015a224 00000044 T strrchr
0015a268 T _fini
0015b000 00000010 R vtable for LightListItem
0015b010 00000010 R vtable for View
0015b020 00000018 R vtable for Controller
0015b038 00000018 R vtable for LightListController
0015b050 00000400 R GFX_ALPHA_ADJUST_ARRAY
0015b450 R vshader_shbin
0015b574 R vshader_shbin_end
0015b574 R vshader_shbin_size
0015b590 R default_font_bin
0015bd90 R default_font_bin_end
0015bd90 R default_font_bin_size
0015c194 00000014 r SDL_fatal_signals
0015c1c4 00000048 r format_list
0015c2a8 r .LC2
0015cca4 00000010 r clearcolors
0015ccb4 00000010 r displayTranferFlags
0015ccd8 00000010 r textureTranferFlags
0015cce8 00000010 r getpixes
0015cd18 00000014 r bitmap_blit
0015cd2c 00000014 r colorkey_blit
0015cd40 00000014 r one_blit
0015cd54 00000014 r one_blitkey
0015cd68 00000800 r RGB565_ABGR8888_LUT
0015d568 00000800 r RGB565_ARGB8888_LUT
0015dd68 00000800 r RGB565_BGRA8888_LUT
0015e568 00000800 r RGB565_RGBA8888_LUT
0015ed68 00000010 r normal_blit
0015ed78 0000002c r normal_blit_1
0015eda4 000000dc r normal_blit_2
0015ee80 0000002c r normal_blit_3
0015eeac 00000084 r normal_blit_4
0015ef30 00000038 r CSWTCH.19
0015ef68 00000005 r colorFmtSizes
0015ef70 00000004 r depthFmtSizes
0015ef74 00000030 r colorTable
0015eff8 00000068 r dotab_stdout
0015f068 00000014 r CSWTCH.61
0015f07c 00000008 r framebufferInfoSt
0015f084 00000011 r dsp_filename.8601
0015f12c 00000030 r error_table
0015f17c 0000000c R typeinfo for std::bad_alloc
0015f188 0000000d R typeinfo name for std::bad_alloc
0015f198 00000014 R vtable for std::bad_alloc
0015f1c0 00000008 R typeinfo for __cxxabiv1::__forced_unwind
0015f1c8 00000008 R typeinfo for __cxxabiv1::__foreign_exception
0015f1d0 0000000c R typeinfo for std::bad_exception
0015f1dc 00000008 R typeinfo for std::exception
0015f1e4 00000020 R typeinfo name for __cxxabiv1::__forced_unwind
0015f204 00000024 R typeinfo name for __cxxabiv1::__foreign_exception
0015f228 00000012 R typeinfo name for std::bad_exception
0015f23c 0000000d R typeinfo name for std::exception
0015f24c 00000014 R vtable for std::bad_exception
0015f260 0000000c R typeinfo for __cxxabiv1::__si_class_type_info
0015f26c 00000025 R typeinfo name for __cxxabiv1::__si_class_type_info
0015f294 0000002c R vtable for __cxxabiv1::__si_class_type_info
0015f2c0 00000008 R typeinfo for std::type_info
0015f2c8 0000000d R typeinfo name for std::type_info
0015f2d8 0000000c R typeinfo for __cxxabiv1::__class_type_info
0015f2e4 00000022 R typeinfo name for __cxxabiv1::__class_type_info
0015f308 0000002c R vtable for __cxxabiv1::__class_type_info
0015f334 00000080 r npio2_hw
0015f3b4 00000108 r two_over_pi
0015f4c0 00000040 r PIo2
0015f500 00000010 r init_jk
0015f510 00000004 R _global_impure_ptr
0015f568 00000014 r fpi.7439
0015f57c 00000014 r fpinan.7475
0015f590 00000028 r tinytens
0015f5f0 00000010 r blanks.8562
0015f600 00000010 r zeroes.8563
0015f618 00000022 r basefix.8603
0015f63c 00000010 r blanks.8577
0015f64c 00000010 r zeroes.8578
0015f65c 00000101 R _ctype_
0015f770 00000100 R __hexdig
0015f884 000000bc r a1
0015f940 000000bc r a2
0015f9fc 0000005b r a3
0015fa58 00000070 r a6
0015fac8 000000a2 r a7
0015fb6c 00000040 r a8
0015fbac 0000172a r b02cf
001612d8 00001a7c r d02f4
00162d58 00000028 R __mprec_bigtens
00162d80 000000c8 R __mprec_tens
00162e48 0000000c r p05.7353
00162e54 0000006c R __action_table
00162ec0 00000100 R __chclass
00162fc0 0000006c R __state_table
00163034 00000068 R dotab_stdnull
0016309c 00000003 R DIRECTORY_PARENT
001630a0 r __EH_FRAME_BEGIN__
00163120 R __exidx_start
001631f0 R __exidx_end
00164000 0000000c d global_hooks
0016400c 00000004 d currentFontdata
00164010 00000004 d charWidth
00164014 00000004 d charHeight
00164018 00000800 d gfxPrimitivesFontdata
00164818 00000004 d charSize
0016481c 00000004 d charWidthLocal
00164820 00000004 d charHeightLocal
00164824 W __stacksize__
00164828 00000004 d SDL_CPUFeatures
0016482c 00000004 D SDL_cursorstate
00164830 00000020 d default_cdata
00164850 00000020 d default_cmask
00164870 00000004 d palette_changed
00164874 00000020 d SDL_closest_depths
00164894 00000010 D N3DSAUD_bootstrap
001648a4 00000010 D N3DS_bootstrap
001648b4 00000004 d framerate
001648b8 00000008 d framerateCounter
001648c0 00000004 D currentConsole
001648c4 0000004c D defaultConsole
00164910 00000001 d firstConsoleInit.7969
00164911 00000001 d botFormat
00164914 00000008 d doubleBuf
0016491c 00000001 d topFormat
00164920 00000004 d queueLock
00164924 00000004 d gspLastEvent
00164928 00000004 d aptFlags
0016492c 00000004 V __ctru_linear_heap_size
00164930 00000401 d __cwd
00164d34 00000068 d sdmc_devoptab
00164d9c 00000004 D __cxxabiv1::__unexpected_handler
00164da0 00000004 D __cxxabiv1::__terminate_handler
00164da4 0000000c d __sfp_lock
00164db0 0000000c d __sinit_lock
00164dbc 00000004 D _impure_ptr
00164dc0 00000460 d impure_data
00165220 0000016c D __global_locale
0016538c 00000408 D __malloc_av_
00165794 00000004 D __malloc_sbrk_base
00165798 00000004 D __malloc_trim_threshold
0016579c 0000000c d __malloc_lock_object
001657a8 00000004 D environ
001657ac 0000000c d __env_lock_object
001657b8 00000004 d defaultDevice
001657bc 00000040 D devoptab_list
001657fc 00001000 d _current_working_directory
001667fc 00000004 d __hndl_lock
00166800 0000000c d __stderr_handle
0016680c 0000000c d __stdin_handle
00166818 0000000c d __stdout_handle
00166824 00001000 d handles
00167824 D __TMC_END__
00167824 d __TMC_LIST__
00167824 t __frame_dummy_init_array_entry
00167824 T __init_array_start
00167824 B __preinit_array_end
00167824 B __preinit_array_start
00167824 D __tdata_lma
00167824 D __tdata_lma_end
0016782c t __do_global_dtors_aux_fini_array_entry
0016782c T __fini_array_start
0016782c T __init_array_end
00167830 00000004 B App::INSTANCE
00167830 T __bss_start__
00167830 T __fini_array_end
00167834 00000008 b global_error
0016783c 0000000f b cJSON_Version::version
0016784c 00000004 b gfxPrimitivesPolyIntsGlobal
00167850 00000004 b gfxPrimitivesPolyAllocatedGlobal
00167854 00000004 b charRotation
00167858 00000400 b gfxPrimitivesFont
00167c58 00000400 b gfxPrimitivesFontColor
00168058 b saved_stack
00168060 b completed.7759
00168064 b object.7764
0016807c 00000004 b SDL_initialized
00168080 00000004 b ticks_started
00168084 00000004 B current_audio
00168088 00000004 b format_idx
0016808c 00000004 b format_idx_sub
00168090 00000008 b SDL_EventLock
00168098 00000004 B SDL_EventOK
0016809c 00000c14 b SDL_EventQ
00168cb0 00000004 b SDL_EventThread
00168cb4 00000004 b SDL_eventstate
00168cb8 00000004 b event_thread
00168cbc 00000143 b SDL_KeyState
00168e00 00000002 b SDL_ModState
00168e02 00000001 b SDL_NoLockKeys
00168e04 00000004 B SDL_TranslateUNICODE
00168e08 0000050c b keynames
00169314 00000001 b SDL_ButtonState
00169316 00000002 b SDL_DeltaX
00169318 00000002 b SDL_DeltaY
0016931a 00000002 b SDL_MouseMaxX
0016931c 00000002 b SDL_MouseMaxY
0016931e 00000002 b SDL_MouseX
00169320 00000002 b SDL_MouseY
00169324 00000004 b SDL_Threads
00169328 00000308 b SDL_global_error
00169630 00000004 b SDL_maxthreads
00169634 00000004 b SDL_numthreads
00169638 00000004 b thread_lock
0016963c 00000004 b SDL_timer_mutex
00169640 00000004 B SDL_timer_running
00169644 00000004 B SDL_timer_started
00169648 00000004 b SDL_timer_threaded
0016964c 00000004 b SDL_timers
00169650 00000001 b list_changed
00169654 00000004 B SDL_cursor
00169658 00000004 B SDL_cursorlock
0016965c 00000004 b SDL_defcursor
00169660 00000002 b pixels8
00169664 00000004 b format_version.7984
00169668 00000004 B current_video
0016966c 00000004 B SDL_allocatedjoysticks
00169670 00000004 B SDL_joysticks
00169674 00000001 B SDL_numjoysticks
00169678 00000008 b start
00169680 00000004 B stream_offset
00169684 00000004 B key_release
00169688 00000004 B old_x
0016968c 00000004 B old_y
00169690 00000001 B app_exiting
00169691 00000001 B app_pause
00169694 0000000c b cookie
001696a0 00000040 b keymap
001696e0 00000400 b n3ds_palette
00169ae0 00000004 B privateVideoThreadHandle
00169ae4 00000014 b program
00169af8 00000040 b projection
00169b38 00000040 b projection2
00169b78 00000001 B runThread
00169b7c 00000004 B setVideoModecount
00169b80 00000018 b spritesheet_tex
00169b98 00000004 b uLoc_projection
00169b9c 00000004 b vshader_dvlb
00169ba0 00000001 b SDL_appstate
00169ba4 00000008 b last_resize
00169bac 0000000c b hookCookie
00169bb8 00000010 b cpuTime
00169bc8 00000004 b firstTarget
00169bcc 00000008 b frameCounter
00169bd4 00000001 b frameStage
00169bd8 00000010 b gpuTime
00169be8 00000001 b inFrame
00169be9 00000001 b inSafeTransfer
00169bea 00000001 b initialized
00169bec 00000004 b lastTarget
00169bf0 0000000c b linkedTarget
00169bfc 00000001 b measureGpuTime
00169c00 000000c0 b C3Di_FVUnifEverDirty
00169cc0 00000008 b C3Di_IVUnifEverDirty
00169cc8 00000018 b C3Di_ShaderFVecData
00169ce0 0000000c b sAddrMap
00169cec 00000008 b sVramPool
00169cf4 00000008 b sLinearPool
00169cfc 0000000c b sAddrMap
00169d08 00000001 V __ctru_speedup
00169d0c 00000002 b currentBuffer
00169d0e 00000001 b enable3d
00169d10 00000004 b screenAlloc
00169d14 00000004 b screenFree
00169d18 00000004 b boundQueue
00169d1c 00000004 b curQueue
00169d20 00000001 b isActive
00169d21 00000001 b isRunning
00169d22 00000001 b shouldStop
00169d24 0000000c b aptCookie
00169d30 00000001 b bActuallySleeping
00169d31 00000001 b bComponentLoaded
00169d32 00000001 b bDspReady
00169d33 00000001 b bNeedsSync
00169d34 00000001 b bSleeping
00169d38 00000004 b componentBin
00169d3c 00000002 b componentDataMask
00169d3e 00000001 b componentFree
00169d40 00000002 b componentProgMask
00169d44 00000004 b componentSize
00169d48 00000004 b droppedFrames
00169d4c 00000004 b dspSem
00169d50 00001080 b dspVar5Backup
0016add0 00000004 b frameCount
0016add4 00000004 b irqEvent
0016add8 00000048 b ndspMaster
0016ae20 00000004 b ndspMutex
0016ae24 00000004 b ndspRefCount
0016ae28 00000004 b ndspThread
0016ae2c 00000001 b ndspThreadRun
0016ae30 00000008 b sleepEvent
0016ae38 00000c60 b ndspChn
0016ba98 00000004 b cfguHandle
0016ba9c 00000004 b cfguRefCount
0016baa0 00000004 b dspHandle
0016baa4 00000004 b dspRefCount
0016baa8 00000004 b gspEvent
0016baac 0000001c b gspEventCb
0016bac8 0000001c b gspEventCbData
0016bae4 00000007 b gspEventCbOneShot
0016baec 0000001c b gspEventCounts
0016bb08 00000004 b gspEventData
0016bb0c 00000004 b gspEventThread
0016bb10 00000038 b gspEvents
0016bb48 00000004 b gspRefCount
0016bb4c 00000001 b gspRunEvents
0016bb4d 00000001 b aptChainloadMediatype
0016bb50 00000008 b aptChainloadTid
0016bb58 00000004 b aptEventHandlerThread
0016bb5c 0000000c b aptEvents
0016bb68 0000000c b aptFirstHook
0016bb74 00000001 b aptHomeButtonState
0016bb78 00000004 b aptLockHandle
0016bb7c 00000004 b aptMessageFunc
0016bb80 00000004 b aptMessageFuncData
0016bb84 00001000 b aptParameters
0016cb84 00000004 b aptRefCount
0016cb88 00000008 b aptSleepEvent
0016cb90 00000001 b flagInit.8115
0016cb91 00000001 b flagValue.8116
0016cb94 00000004 b serviceName.7754
0016cb98 00000006 b aVec
0016cba0 00000004 b cPos
0016cba4 00000006 b gRate
0016cbac 00000004 b hidRefCount
0016cbb0 00000004 b kDown
0016cbb4 00000004 b kHeld
0016cbb8 00000004 b kOld
0016cbbc 00000004 b kUp
0016cbc0 00000004 b tPos
0016cbc4 00000004 b ptmSysmHandle
0016cbc8 00000004 b ptmSysmRefCount
0016cbcc 00000004 b __httpc_refcount
0016cbd0 00000004 b __httpc_sharedmem_handle
0016cbd4 00000004 b __httpc_sharedmem_size
0016cbd8 00000080 b fsExemptArchives
0016cc58 00000004 b fsuHandle
0016cc5c 00000004 b fsuRefCount
0016cc60 00000004 V __ctru_heap_size
0016cc64 00000008 b sMappablePool
0016cc6c 0000000c b sAddrMap
0016cc78 00000004 b arbiter
0016cc7c 00000004 b srvHandle
0016cc80 00000004 b srvRefCount
0016cc84 00000004 b csPos
0016cc88 00000004 b irrstRefCount
0016cc8c 00000004 b kHeld
0016cc90 00000004 b srvPmHandle
0016cc98 00000008 b sdmcArchive
0016cca0 00000001 b sdmcInitialised
0016cca4 00000010 b (anonymous namespace)::emergency_pool
0016ccb4 00000004 b (anonymous namespace)::__new_handler
0016ccb8 0000000c b eh_globals
0016ccc4 00000028 B __malloc_current_mallinfo
0016ccec 00000004 B __malloc_max_sbrked_mem
0016ccf0 00000004 B __malloc_max_total_mem
0016ccf4 00000004 B __malloc_top_pad
0016ccf8 00000004 b initial_env
0016ccfc 00000004 b heap_start.7089
0016cd00 00000004 B fake_heap_end
0016cd04 00000004 B fake_heap_start
0016cd08 00001000 b temp_cwd
0016dd08 00000038 B __syscalls
0016dd40 00000020 B SDL_ProcessEvents
0016dd60 00000020 B SDL_KeyRepeat
0016dd80 00000004 B key_press
0016dd84 00000020 B keymem
0016dda4 00000004 B VideoSurface2
0016dda8 00000004 B VideoSurface1
0016ddac 00000004 B privateVideoThreadRequest
0016ddb0 000002b8 B __C3D_Context
0016e068 00000020 B C3D_IVUnif
0016e088 000000c0 B C3D_FVUnifDirty
0016e148 00000002 B C3D_BoolUnifsDirty
0016e14c 00000008 B C3D_IVUnifDirty
0016e154 00000004 B C3D_BoolUnifs
0016e158 00000c00 B C3D_FVUnif
0016ed58 0000004c B currentCopy
0016eda4 00000008 B gfxBottomFramebuffers
0016edac 00000004 B gspSharedMemHandle
0016edb0 0000001c B bottomFramebufferInfo
0016edcc 00000004 B gspEvent
0016edd0 00000008 B gfxTopLeftFramebuffers
0016edd8 00000008 B gfxTopRightFramebuffers
0016ede0 0000001c B topFramebufferInfo
0016edfc 00000001 B gfxThreadID
0016ee00 00000004 B gfxSharedMemory
0016ee04 00000004 B gfxTopFramebufferMaxSize
0016ee08 00000004 B gfxBottomFramebufferMaxSize
0016ee0c 00000004 B gxCmdBuf
0016ee10 00000004 B gpuCmdBuf
0016ee14 00000004 B gpuCmdBufOffset
0016ee18 00000004 B gpuCmdBufSize
0016ee1c 00000002 B ndspFrameId
0016ee1e 00000002 B ndspBufferId
0016ee20 00000080 B ndspVars
0016eea0 00000002 B ndspBufferCurId
0016eea4 00000004 B gspGpuHandle
0016eea8 00000004 B hidMemHandle
0016eeac 00000004 B hidHandle
0016eeb0 00000004 B hidSharedMem
0016eeb4 00000014 B hidEvents
0016eec8 00000004 B __httpc_servhandle
0016eecc 00000004 B __httpc_sharedmem_addr
0016eed0 00000004 B __system_retAddr
0016eed4 00000004 B __ctru_linear_heap
0016eed8 00000004 B __ctru_heap
0016eedc 00000004 B __system_argv
0016eee0 00000004 B __system_argc
0016eee4 00000004 B irrstHandle
0016eee8 00000004 B irrstEvent
0016eeec 00000004 B irrstMemHandle
0016eef0 00000004 B irrstSharedMem
0016eef4 B __tls_start
00170300 B __bss_end__
00170300 A __end__
00170300 B __tls_end
